<?xml version="1.0" encoding="UTF-8"?>
<!-- Generated by org.testng.reporters.JUnitXMLReporter -->
<testsuite ignored="0" hostname="DESKTOP-R7CE0E7" failures="0" tests="8" name="Surefire test" time="7.007" errors="0" timestamp="2024-12-01T13:07:13 PKT">
  <testcase classname="com.automation.student1.ActivitiesTest" name="testCreateActivity" time="2.756"/>
  <testcase classname="com.automation.student1.ActivitiesTest" name="testDeleteActivity" time="0.529"/>
  <testcase classname="com.automation.student1.ActivitiesTest" name="testGetAllActivities" time="0.581"/>
  <testcase classname="com.automation.student1.ActivitiesTest" name="testUpdateActivity" time="0.525"/>
  <testcase classname="com.automation.student2.BooksTest" name="testCreateBook" time="0.537"/>
  <testcase classname="com.automation.student2.BooksTest" name="testDeleteBook" time="0.514"/>
  <testcase classname="com.automation.student2.BooksTest" name="testGetAllBooks" time="0.941"/>
  <testcase classname="com.automation.student2.BooksTest" name="testUpdateBook" time="0.563"/>
</testsuite> <!-- Surefire test -->
