<?xml version="1.0" encoding="UTF-8"?>
<!-- Generated by org.testng.reporters.JUnitXMLReporter -->
<testsuite ignored="0" hostname="DESKTOP-R7CE0E7" failures="0" tests="4" name="API Tests" time="4.719" errors="0" timestamp="2024-12-01T13:18:10 PKT">
  <testcase classname="com.automation.student1.ActivitiesTest" name="testCreateActivity" time="2.948"/>
  <testcase classname="com.automation.student1.ActivitiesTest" name="testDeleteActivity" time="0.555"/>
  <testcase classname="com.automation.student1.ActivitiesTest" name="testGetAllActivities" time="0.613"/>
  <testcase classname="com.automation.student1.ActivitiesTest" name="testUpdateActivity" time="0.556"/>
</testsuite> <!-- API Tests -->
