<?xml version="1.0" encoding="UTF-8"?>
<testng-results ignored="0" total="4" passed="4" failed="0" skipped="0">
  <reporter-output>
  </reporter-output>
  <suite started-at="2024-12-01T13:18:29 PKT" name="Student 22F3662 Test Suite" finished-at="2024-12-01T13:18:33 PKT" duration-ms="4365">
    <groups>
    </groups>
    <test started-at="2024-12-01T13:18:29 PKT" name="API Tests" finished-at="2024-12-01T13:18:33 PKT" duration-ms="4365">
      <class name="com.automation.student1.ActivitiesTest">
        <test-method signature="testCreateActivity()[pri:0, instance:com.automation.student1.ActivitiesTest@e350b40]" started-at="2024-12-01T13:18:29 PKT" name="testCreateActivity" finished-at="2024-12-01T13:18:32 PKT" duration-ms="2670" status="PASS">
          <reporter-output>
          </reporter-output>
        </test-method> <!-- testCreateActivity -->
        <test-method signature="testDeleteActivity()[pri:0, instance:com.automation.student1.ActivitiesTest@e350b40]" started-at="2024-12-01T13:18:32 PKT" name="testDeleteActivity" finished-at="2024-12-01T13:18:32 PKT" duration-ms="540" status="PASS">
          <reporter-output>
          </reporter-output>
        </test-method> <!-- testDeleteActivity -->
        <test-method signature="testGetAllActivities()[pri:0, instance:com.automation.student1.ActivitiesTest@e350b40]" started-at="2024-12-01T13:18:32 PKT" name="testGetAllActivities" finished-at="2024-12-01T13:18:33 PKT" duration-ms="572" status="PASS">
          <reporter-output>
          </reporter-output>
        </test-method> <!-- testGetAllActivities -->
        <test-method signature="testUpdateActivity()[pri:0, instance:com.automation.student1.ActivitiesTest@e350b40]" started-at="2024-12-01T13:18:33 PKT" name="testUpdateActivity" finished-at="2024-12-01T13:18:33 PKT" duration-ms="540" status="PASS">
          <reporter-output>
          </reporter-output>
        </test-method> <!-- testUpdateActivity -->
      </class> <!-- com.automation.student1.ActivitiesTest -->
    </test> <!-- API Tests -->
  </suite> <!-- Student 22F3662 Test Suite -->
</testng-results>
