<?xml version="1.0" encoding="UTF-8"?>
<testsuite xmlns:xsi="http://www.w3.org/2001/XMLSchema-instance" xsi:noNamespaceSchemaLocation="https://maven.apache.org/surefire/maven-surefire-plugin/xsd/surefire-test-report-3.0.xsd" version="3.0" name="TestSuite" time="7.559" tests="8" errors="0" skipped="0" failures="0">
  <properties>
[...]
</properties>
  <testcase name="testCreateActivity" classname="com.automation.student1.ActivitiesTest" time="2.755">
    <system-err><![CDATA[SLF4J: Failed to load class "org.slf4j.impl.StaticLoggerBinder".
SLF4J: Defaulting to no-operation (NOP) logger implementation
SLF4J: See http://www.slf4j.org/codes.html#StaticLoggerBinder for further details.
]]></system-err>
  </testcase>
  <testcase name="testDeleteActivity" classname="com.automation.student1.ActivitiesTest" time="0.528"/>
  <testcase name="testGetAllActivities" classname="com.automation.student1.ActivitiesTest" time="0.582"/>
  <testcase name="testUpdateActivity" classname="com.automation.student1.ActivitiesTest" time="0.525"/>
  <testcase name="testCreateBook" classname="com.automation.student2.BooksTest" time="0.538"/>
  <testcase name="testDeleteBook" classname="com.automation.student2.BooksTest" time="0.515"/>
  <testcase name="testGetAllBooks" classname="com.automation.student2.BooksTest" time="0.941"/>
  <testcase name="testUpdateBook" classname="com.automation.student2.BooksTest" time="0.563"/>
</testsuite>