<?xml version="1.0" encoding="UTF-8"?>
<testng-results ignored="0" total="8" passed="8" failed="0" skipped="0">
  <reporter-output>
  </reporter-output>
  <suite started-at="2024-12-01T13:07:06 PKT" name="Surefire suite" finished-at="2024-12-01T13:07:13 PKT" duration-ms="7007">
    <groups>
    </groups>
    <test started-at="2024-12-01T13:07:06 PKT" name="Surefire test" finished-at="2024-12-01T13:07:13 PKT" duration-ms="7007">
      <class name="com.automation.student2.BooksTest">
        <test-method signature="testCreateBook()[pri:0, instance:com.automation.student2.BooksTest@1613674b]" started-at="2024-12-01T13:07:11 PKT" name="testCreateBook" finished-at="2024-12-01T13:07:11 PKT" duration-ms="537" status="PASS">
          <reporter-output>
          </reporter-output>
        </test-method> <!-- testCreateBook -->
        <test-method signature="testDeleteBook()[pri:0, instance:com.automation.student2.BooksTest@1613674b]" started-at="2024-12-01T13:07:11 PKT" name="testDeleteBook" finished-at="2024-12-01T13:07:12 PKT" duration-ms="514" status="PASS">
          <reporter-output>
          </reporter-output>
        </test-method> <!-- testDeleteBook -->
        <test-method signature="testGetAllBooks()[pri:0, instance:com.automation.student2.BooksTest@1613674b]" started-at="2024-12-01T13:07:12 PKT" name="testGetAllBooks" finished-at="2024-12-01T13:07:13 PKT" duration-ms="941" status="PASS">
          <reporter-output>
          </reporter-output>
        </test-method> <!-- testGetAllBooks -->
        <test-method signature="testUpdateBook()[pri:0, instance:com.automation.student2.BooksTest@1613674b]" started-at="2024-12-01T13:07:13 PKT" name="testUpdateBook" finished-at="2024-12-01T13:07:13 PKT" duration-ms="563" status="PASS">
          <reporter-output>
          </reporter-output>
        </test-method> <!-- testUpdateBook -->
      </class> <!-- com.automation.student2.BooksTest -->
      <class name="com.automation.student1.ActivitiesTest">
        <test-method signature="testCreateActivity()[pri:0, instance:com.automation.student1.ActivitiesTest@be35cd9]" started-at="2024-12-01T13:07:06 PKT" name="testCreateActivity" finished-at="2024-12-01T13:07:09 PKT" duration-ms="2756" status="PASS">
          <reporter-output>
          </reporter-output>
        </test-method> <!-- testCreateActivity -->
        <test-method signature="testDeleteActivity()[pri:0, instance:com.automation.student1.ActivitiesTest@be35cd9]" started-at="2024-12-01T13:07:09 PKT" name="testDeleteActivity" finished-at="2024-12-01T13:07:10 PKT" duration-ms="529" status="PASS">
          <reporter-output>
          </reporter-output>
        </test-method> <!-- testDeleteActivity -->
        <test-method signature="testGetAllActivities()[pri:0, instance:com.automation.student1.ActivitiesTest@be35cd9]" started-at="2024-12-01T13:07:10 PKT" name="testGetAllActivities" finished-at="2024-12-01T13:07:10 PKT" duration-ms="581" status="PASS">
          <reporter-output>
          </reporter-output>
        </test-method> <!-- testGetAllActivities -->
        <test-method signature="testUpdateActivity()[pri:0, instance:com.automation.student1.ActivitiesTest@be35cd9]" started-at="2024-12-01T13:07:10 PKT" name="testUpdateActivity" finished-at="2024-12-01T13:07:11 PKT" duration-ms="525" status="PASS">
          <reporter-output>
          </reporter-output>
        </test-method> <!-- testUpdateActivity -->
      </class> <!-- com.automation.student1.ActivitiesTest -->
    </test> <!-- Surefire test -->
  </suite> <!-- Surefire suite -->
</testng-results>
